app/build/intermediates/manifest_merge_blame_file/debug/manifest-merger-blame-debug-report.txt
1<?xml version="1.0" encoding="utf-8"?>
2<manifest xmlns:android="http://schemas.android.com/apk/res/android"
3    package="com.example.testapp"
4    android:versionCode="1"
5    android:versionName="1.0" >
6
7    <uses-sdk
8        android:minSdkVersion="23"
8-->src/main/AndroidManifest.xml
9        android:targetSdkVersion="30" />
9-->src/main/AndroidManifest.xml
10
11    <!--
12         The ACCESS_COARSE/FINE_LOCATION permissions are not required to use
13         Google Maps Android API v2, but you must specify either coarse or fine
14         location permissions for the "MyLocation" functionality.
15    -->
16    <uses-permission android:name="android.permission.ACCESS_FINE_LOCATION" />
16-->src/main/AndroidManifest.xml:10:5-79
16-->src/main/AndroidManifest.xml:10:22-76
17    <uses-permission android:name="android.permission.ACCESS_COARSE_LOCATION" />
17-->src/main/AndroidManifest.xml:11:5-81
17-->src/main/AndroidManifest.xml:11:22-78
18    <uses-permission android:name="android.permission.INTERNET" />
18-->src/main/AndroidManifest.xml:12:5-67
18-->src/main/AndroidManifest.xml:12:22-64
19    <uses-permission android:name="android.permission.ACCESS_NETWORK_STATE" />
19-->src/main/AndroidManifest.xml:13:5-79
19-->src/main/AndroidManifest.xml:13:22-76
20    <uses-permission android:name="android.permission.READ_EXTERNAL_STORAGE" />
20-->src/main/AndroidManifest.xml:14:5-80
20-->src/main/AndroidManifest.xml:14:22-77
21    <uses-permission android:name="android.permission.WRITE_EXTERNAL_STORAGE" />
21-->src/main/AndroidManifest.xml:15:5-80
21-->src/main/AndroidManifest.xml:15:22-78
22
23    <uses-feature
23-->[com.google.android.gms:play-services-maps:17.0.0] AndroidManifest.xml:26:5-28:35
24        android:glEsVersion="0x00020000"
24-->[com.google.android.gms:play-services-maps:17.0.0] AndroidManifest.xml:27:9-41
25        android:required="true" /> <!-- <uses-permission android:name="android.permission.SET_WALLPAPER" /> -->
25-->[com.google.android.gms:play-services-maps:17.0.0] AndroidManifest.xml:28:9-32
26    <application
26-->src/main/AndroidManifest.xml:18:5-47:19
27        android:name="com.example.testapp.App"
27-->src/main/AndroidManifest.xml:19:9-28
28        android:allowBackup="true"
28-->src/main/AndroidManifest.xml:20:9-35
29        android:appComponentFactory="androidx.core.app.CoreComponentFactory"
29-->[androidx.core:core:1.3.1] AndroidManifest.xml:24:18-86
30        android:debuggable="true"
31        android:extractNativeLibs="false"
32        android:icon="@mipmap/ic_launcher"
32-->src/main/AndroidManifest.xml:21:9-43
33        android:label="@string/app_name"
33-->src/main/AndroidManifest.xml:22:9-41
34        android:roundIcon="@mipmap/ic_launcher_round"
34-->src/main/AndroidManifest.xml:23:9-54
35        android:supportsRtl="true"
35-->src/main/AndroidManifest.xml:24:9-35
36        android:testOnly="true"
37        android:theme="@style/AppTheme"
37-->src/main/AndroidManifest.xml:25:9-40
38        android:usesCleartextTraffic="true" >
38-->src/main/AndroidManifest.xml:26:9-44
39
40        <!--
41             The API key for Google Maps-based APIs is defined as a string resource.
42             (See the file "res/values/google_maps_api.xml").
43             Note that the API key is linked to the encryption key used to sign the APK.
44             You need a different API key for each encryption key, including the release key that is used to
45             sign the APK for publishing.
46             You can define the keys for the debug and release targets in src/debug/ and src/release/.
47        -->
48        <meta-data
48-->src/main/AndroidManifest.xml:36:9-38:55
49            android:name="com.google.android.geo.API_KEY"
49-->src/main/AndroidManifest.xml:37:13-58
50            android:value="@string/google_maps_key" />
50-->src/main/AndroidManifest.xml:38:13-52
51
52        <activity android:name="com.example.testapp.activities.MainActivity" >
52-->src/main/AndroidManifest.xml:40:9-46:20
52-->src/main/AndroidManifest.xml:40:19-58
53            <intent-filter>
53-->src/main/AndroidManifest.xml:41:13-45:29
54                <action android:name="android.intent.action.MAIN" />
54-->src/main/AndroidManifest.xml:42:17-69
54-->src/main/AndroidManifest.xml:42:25-66
55
56                <category android:name="android.intent.category.LAUNCHER" />
56-->src/main/AndroidManifest.xml:44:17-77
56-->src/main/AndroidManifest.xml:44:27-74
57            </intent-filter>
58        </activity>
59        <!-- Needs to be explicitly declared on P+ -->
60        <uses-library
60-->[com.google.android.gms:play-services-maps:17.0.0] AndroidManifest.xml:33:9-35:40
61            android:name="org.apache.http.legacy"
61-->[com.google.android.gms:play-services-maps:17.0.0] AndroidManifest.xml:34:13-50
62            android:required="false" />
62-->[com.google.android.gms:play-services-maps:17.0.0] AndroidManifest.xml:35:13-37
63
64        <meta-data
64-->[com.google.maps.android:android-maps-utils:2.1.0] AndroidManifest.xml:12:9-14:69
65            android:name="com.google.android.gms.version"
65-->[com.google.maps.android:android-maps-utils:2.1.0] AndroidManifest.xml:13:13-58
66            android:value="@integer/google_play_services_version" />
66-->[com.google.maps.android:android-maps-utils:2.1.0] AndroidManifest.xml:14:13-66
67
68        <activity
68-->[com.google.android.gms:play-services-base:17.3.0] AndroidManifest.xml:23:9-26:75
69            android:name="com.google.android.gms.common.api.GoogleApiActivity"
69-->[com.google.android.gms:play-services-base:17.3.0] AndroidManifest.xml:24:13-79
70            android:exported="false"
70-->[com.google.android.gms:play-services-base:17.3.0] AndroidManifest.xml:25:13-37
71            android:theme="@android:style/Theme.Translucent.NoTitleBar" />
71-->[com.google.android.gms:play-services-base:17.3.0] AndroidManifest.xml:26:13-72
72
73        <provider
73-->[androidx.lifecycle:lifecycle-process:2.1.0] AndroidManifest.xml:23:9-27:43
74            android:name="androidx.lifecycle.ProcessLifecycleOwnerInitializer"
74-->[androidx.lifecycle:lifecycle-process:2.1.0] AndroidManifest.xml:24:13-79
75            android:authorities="com.example.testapp.lifecycle-process"
75-->[androidx.lifecycle:lifecycle-process:2.1.0] AndroidManifest.xml:25:13-69
76            android:exported="false"
76-->[androidx.lifecycle:lifecycle-process:2.1.0] AndroidManifest.xml:26:13-37
77            android:multiprocess="true" />
77-->[androidx.lifecycle:lifecycle-process:2.1.0] AndroidManifest.xml:27:13-40
78    </application>
79
80</manifest>